<?xml version="1.0" encoding="UTF-8"?>
<!-- Generated by org.testng.reporters.JUnitXMLReporter -->
<testsuite ignored="0" hostname="DESKTOP-DDTAJ8U" failures="0" tests="8" name="Default test" time="4.783" errors="0" timestamp="2024-10-26T00:00:14 EET">
  <testcase classname="MyTestCases" name="CheckTheEnglishLanguageIsDefault" time="0.062"/>
  <testcase classname="MyTestCases" name="CheckTheDefaultCurrncyIsSAR" time="0.035"/>
  <testcase classname="MyTestCases" name="CheckContactNumber" time="0.025"/>
  <testcase classname="MyTestCases" name="CheckQitafLogoIsThereInTheFoter" time="0.03"/>
  <testcase classname="MyTestCases" name="CheckHotelTabIsNotSelected" time="0.024"/>
  <testcase classname="MyTestCases" name="CheckDepatureDate" time="0.05"/>
  <testcase classname="MyTestCases" name="CheckreturnDate" time="0.023"/>
  <testcase classname="MyTestCases" name="RandomlyChangeTheLanguage" time="1.232"/>
</testsuite> <!-- Default test -->
