<?xml version="1.0" encoding="UTF-8"?>
<testng-results ignored="0" total="8" passed="8" failed="0" skipped="0">
  <reporter-output>
  </reporter-output>
  <suite started-at="2024-10-26T00:00:09 EET" name="Default suite" finished-at="2024-10-26T00:00:14 EET" duration-ms="4783">
    <groups>
    </groups>
    <test started-at="2024-10-26T00:00:09 EET" name="Default test" finished-at="2024-10-26T00:00:14 EET" duration-ms="4783">
      <class name="MyTestCases">
        <test-method is-config="true" signature="mySetup()[pri:0, instance:MyTestCases@373ebf74]" started-at="2024-10-26T00:00:09 EET" name="mySetup" finished-at="2024-10-26T00:00:12 EET" duration-ms="3264" status="PASS">
          <reporter-output>
          </reporter-output>
        </test-method> <!-- mySetup -->
        <test-method signature="CheckTheEnglishLanguageIsDefault()[pri:1, instance:MyTestCases@373ebf74]" started-at="2024-10-26T00:00:12 EET" name="CheckTheEnglishLanguageIsDefault" finished-at="2024-10-26T00:00:13 EET" duration-ms="62" status="PASS">
          <reporter-output>
          </reporter-output>
        </test-method> <!-- CheckTheEnglishLanguageIsDefault -->
        <test-method signature="CheckTheDefaultCurrncyIsSAR()[pri:2, instance:MyTestCases@373ebf74]" started-at="2024-10-26T00:00:13 EET" name="CheckTheDefaultCurrncyIsSAR" finished-at="2024-10-26T00:00:13 EET" duration-ms="35" status="PASS">
          <reporter-output>
          </reporter-output>
        </test-method> <!-- CheckTheDefaultCurrncyIsSAR -->
        <test-method signature="CheckContactNumber()[pri:3, instance:MyTestCases@373ebf74]" started-at="2024-10-26T00:00:13 EET" name="CheckContactNumber" finished-at="2024-10-26T00:00:13 EET" duration-ms="25" status="PASS">
          <reporter-output>
          </reporter-output>
        </test-method> <!-- CheckContactNumber -->
        <test-method signature="CheckQitafLogoIsThereInTheFoter()[pri:4, instance:MyTestCases@373ebf74]" started-at="2024-10-26T00:00:13 EET" name="CheckQitafLogoIsThereInTheFoter" finished-at="2024-10-26T00:00:13 EET" duration-ms="30" status="PASS">
          <reporter-output>
          </reporter-output>
        </test-method> <!-- CheckQitafLogoIsThereInTheFoter -->
        <test-method signature="CheckHotelTabIsNotSelected()[pri:5, instance:MyTestCases@373ebf74]" started-at="2024-10-26T00:00:13 EET" name="CheckHotelTabIsNotSelected" finished-at="2024-10-26T00:00:13 EET" duration-ms="24" status="PASS">
          <reporter-output>
          </reporter-output>
        </test-method> <!-- CheckHotelTabIsNotSelected -->
        <test-method signature="CheckDepatureDate()[pri:6, instance:MyTestCases@373ebf74]" started-at="2024-10-26T00:00:13 EET" name="CheckDepatureDate" finished-at="2024-10-26T00:00:13 EET" duration-ms="50" status="PASS">
          <reporter-output>
          </reporter-output>
        </test-method> <!-- CheckDepatureDate -->
        <test-method signature="CheckreturnDate()[pri:7, instance:MyTestCases@373ebf74]" started-at="2024-10-26T00:00:13 EET" name="CheckreturnDate" finished-at="2024-10-26T00:00:13 EET" duration-ms="23" status="PASS">
          <reporter-output>
          </reporter-output>
        </test-method> <!-- CheckreturnDate -->
        <test-method signature="RandomlyChangeTheLanguage()[pri:8, instance:MyTestCases@373ebf74]" started-at="2024-10-26T00:00:13 EET" name="RandomlyChangeTheLanguage" finished-at="2024-10-26T00:00:14 EET" duration-ms="1232" status="PASS">
          <reporter-output>
          </reporter-output>
        </test-method> <!-- RandomlyChangeTheLanguage -->
      </class> <!-- MyTestCases -->
    </test> <!-- Default test -->
  </suite> <!-- Default suite -->
</testng-results>
