<?xml version="1.0" encoding="UTF-8"?>
<testng-results ignored="0" total="4" passed="4" failed="0" skipped="0">
  <reporter-output>
  </reporter-output>
  <suite started-at="2024-10-25T21:19:01 EET" name="Default suite" finished-at="2024-10-25T21:19:04 EET" duration-ms="3283">
    <groups>
    </groups>
    <test started-at="2024-10-25T21:19:01 EET" name="Default test" finished-at="2024-10-25T21:19:04 EET" duration-ms="3283">
      <class name="MyTestCases">
        <test-method is-config="true" signature="mySetup()[pri:0, instance:MyTestCases@4a194c39]" started-at="2024-10-25T21:19:01 EET" name="mySetup" finished-at="2024-10-25T21:19:04 EET" duration-ms="3079" status="PASS">
          <reporter-output>
          </reporter-output>
        </test-method> <!-- mySetup -->
        <test-method signature="CheckTheEnglishLanguageIsDefault()[pri:1, instance:MyTestCases@4a194c39]" started-at="2024-10-25T21:19:04 EET" name="CheckTheEnglishLanguageIsDefault" finished-at="2024-10-25T21:19:04 EET" duration-ms="71" status="PASS">
          <reporter-output>
          </reporter-output>
        </test-method> <!-- CheckTheEnglishLanguageIsDefault -->
        <test-method signature="CheckTheDefaultCurrncyIsSAR()[pri:2, instance:MyTestCases@4a194c39]" started-at="2024-10-25T21:19:04 EET" name="CheckTheDefaultCurrncyIsSAR" finished-at="2024-10-25T21:19:04 EET" duration-ms="39" status="PASS">
          <reporter-output>
          </reporter-output>
        </test-method> <!-- CheckTheDefaultCurrncyIsSAR -->
        <test-method signature="CheckContactNumber()[pri:3, instance:MyTestCases@4a194c39]" started-at="2024-10-25T21:19:04 EET" name="CheckContactNumber" finished-at="2024-10-25T21:19:04 EET" duration-ms="24" status="PASS">
          <reporter-output>
          </reporter-output>
        </test-method> <!-- CheckContactNumber -->
        <test-method signature="CheckQitafLogoIsThereInTheFoter()[pri:4, instance:MyTestCases@4a194c39]" started-at="2024-10-25T21:19:04 EET" name="CheckQitafLogoIsThereInTheFoter" finished-at="2024-10-25T21:19:04 EET" duration-ms="38" status="PASS">
          <reporter-output>
          </reporter-output>
        </test-method> <!-- CheckQitafLogoIsThereInTheFoter -->
      </class> <!-- MyTestCases -->
    </test> <!-- Default test -->
  </suite> <!-- Default suite -->
</testng-results>
